Analysis initiated from SIMULIA established products
Abaqus JOB Job-1
Abaqus 2025
Abaqus License Manager checked out the following licenses:
Abaqus/Standard checked out 5 tokens from Flexnet server cocoec-lic2.cec.sc.edu.
<155 out of 160 licenses remain available>.
Begin Analysis Input File Processor
3/4/2026 1:57:56 PM
Run pre.exe
3/4/2026 1:58:02 PM
End Analysis Input File Processor
Begin Abaqus/Standard Analysis
3/4/2026 1:58:02 PM
Run standard.exe
3/4/2026 1:58:17 PM
End Abaqus/Standard Analysis
Begin SIM Wrap-up
3/4/2026 1:58:18 PM
Run SMASimUtility.exe
3/4/2026 1:58:19 PM
End SIM Wrap-up
Abaqus JOB Job-1 COMPLETED
