Analysis initiated from SIMULIA established products
Abaqus JOB LimitLoad
Abaqus 2025
Abaqus License Manager checked out the following licenses:
Abaqus/Standard checked out 5 tokens from Flexnet server cocoec-lic2.cec.sc.edu.
<155 out of 160 licenses remain available>.
Begin Analysis Input File Processor
3/4/2026 2:49:27 PM
Run pre.exe
3/4/2026 2:49:34 PM
End Analysis Input File Processor
Begin Abaqus/Standard Analysis
3/4/2026 2:49:34 PM
Run standard.exe
3/4/2026 2:49:50 PM
End Abaqus/Standard Analysis
Begin SIM Wrap-up
3/4/2026 2:49:51 PM
Run SMASimUtility.exe
3/4/2026 2:49:52 PM
End SIM Wrap-up
Abaqus JOB LimitLoad COMPLETED
