1
0
1
ASSEMBLY
1
Landing gear frame-1
Landing gear frame
1
Landing gear frame-1
14
-2147483646
0
48 1 16 5 0 1 0 -1 -1 23772 1 -1879048189 1 23772 
14
48 1 16 5 0 1 0 -1 -1 23772 1 -1879048189 1 23772 
0
1
Landing gear frame-1
14
-2147483646
0
48 1 16 5 0 1 0 -1 -1 18432 1 -1879048189 1 18432 
14
48 1 16 5 0 1 0 -1 -1 18432 1 -1879048189 1 18432 
0
9
SET-1
0
1
0
1
Landing gear frame-1
14
-2147483647
48 1 16 5 0 1 0 -1 -1 941 1 -1879048189 12787 941 
0
_SURF-1_S3
0
2
0
1
Landing gear frame-1
18
10204 10260 10262 10642 10698 10700 11080 11136 11138 11518 11574 11576 11956 12012 12014 12394 12450 12452 
0
_SURF-1_S4
0
2
0
1
Landing gear frame-1
24
7721 7722 7790 7791 8134 8135 8203 8204 8547 8548 8616 8617 8960 8961 9029 9030 9373 9374 9442 9443 9786 9787 9855 9856 
0
_SURF-1_S5
0
2
0
1
Landing gear frame-1
36
10205 10265 10326 10339 10340 10342 10643 10703 10764 10777 10778 10780 11081 11141 11202 11215 11216 11218 11519 11579 11640 11653 11654 11656 11957 12017 12078 12091 12092 12094 12395 12455 12516 12529 12530 12532 
0
_SURF-1_S6
0
2
0
1
Landing gear frame-1
42
7723 7724 7770 7777 7779 7783 8136 8137 8183 8190 8192 8196 8549 8550 8596 8603 8605 8609 8962 8963 9009 9016 9018 9022 9375 9376 9422 9429 9431 9435 9788 9789 9835 9842 9844 9848 10336 10774 11212 11650 12088 12526 
0
_SURF-2_S3
0
2
0
1
Landing gear frame-1
18
10204 10260 10262 10642 10698 10700 11080 11136 11138 11518 11574 11576 11956 12012 12014 12394 12450 12452 
0
_SURF-2_S4
0
2
0
1
Landing gear frame-1
24
7721 7722 7790 7791 8134 8135 8203 8204 8547 8548 8616 8617 8960 8961 9029 9030 9373 9374 9442 9443 9786 9787 9855 9856 
0
_SURF-2_S5
0
2
0
1
Landing gear frame-1
36
10205 10265 10326 10339 10340 10342 10643 10703 10764 10777 10778 10780 11081 11141 11202 11215 11216 11218 11519 11579 11640 11653 11654 11656 11957 12017 12078 12091 12092 12094 12395 12455 12516 12529 12530 12532 
0
_SURF-2_S6
0
2
0
1
Landing gear frame-1
42
7723 7724 7770 7777 7779 7783 8136 8137 8183 8190 8192 8196 8549 8550 8596 8603 8605 8609 8962 8963 9009 9016 9018 9022 9375 9376 9422 9429 9431 9435 9788 9789 9835 9842 9844 9848 10336 10774 11212 11650 12088 12526 
0
1
Landing gear frame-1
1
SET-1
0
1
14
-2147483647
48 1 16 5 0 1 0 -1 -1 18432 1 -1879048189 1 18432 
0
0
0
1
SET-1
0
1
0
1
Landing gear frame-1
31
-2147483647
116 1 16 22 0 1 0 -1 -1 1049 5 -1610612729 -1342177270 -1342177266 -1879048174 -1879048172 1 2 3 10 2 2 19 52 9 2 294 1063 194 7611 831 
0
1
Landing gear frame-1
1
SET-1
0
1
14
-2147483647
48 1 16 5 0 1 0 -1 -1 23772 1 -1879048189 1 23772 
0
0
0
0
2
SURF-1
0
0
0
1
Landing gear frame-1
0
0
4
S4
24
7721 7722 7790 7791 8134 8135 8203 8204 8547 8548 8616 8617 8960 8961 9029 9030 9373 9374 9442 9443 9786 9787 9855 9856 
S6
42
7723 7724 7770 7777 7779 7783 8136 8137 8183 8190 8192 8196 8549 8550 8596 8603 8605 8609 8962 8963 9009 9016 9018 9022 9375 9376 9422 9429 9431 9435 9788 9789 9835 9842 9844 9848 10336 10774 11212 11650 12088 12526 
S3
18
10204 10260 10262 10642 10698 10700 11080 11136 11138 11518 11574 11576 11956 12012 12014 12394 12450 12452 
S5
36
10205 10265 10326 10339 10340 10342 10643 10703 10764 10777 10778 10780 11081 11141 11202 11215 11216 11218 11519 11579 11640 11653 11654 11656 11957 12017 12078 12091 12092 12094 12395 12455 12516 12529 12530 12532 
SURF-2
0
0
0
1
Landing gear frame-1
0
0
4
S4
24
7721 7722 7790 7791 8134 8135 8203 8204 8547 8548 8616 8617 8960 8961 9029 9030 9373 9374 9442 9443 9786 9787 9855 9856 
S6
42
7723 7724 7770 7777 7779 7783 8136 8137 8183 8190 8192 8196 8549 8550 8596 8603 8605 8609 8962 8963 9009 9016 9018 9022 9375 9376 9422 9429 9431 9435 9788 9789 9835 9842 9844 9848 10336 10774 11212 11650 12088 12526 
S3
18
10204 10260 10262 10642 10698 10700 11080 11136 11138 11518 11574 11576 11956 12012 12014 12394 12450 12452 
S5
36
10205 10265 10326 10339 10340 10342 10643 10703 10764 10777 10778 10780 11081 11141 11202 11215 11216 11218 11519 11579 11640 11653 11654 11656 11957 12017 12078 12091 12092 12094 12395 12455 12516 12529 12530 12532 
