Analysis initiated from SIMULIA established products
Abaqus JOB UltimateLoadBuckle
Abaqus 2025
Abaqus License Manager checked out the following licenses:
Abaqus/Standard checked out 5 tokens from Flexnet server cocoec-lic2.cec.sc.edu.
<155 out of 160 licenses remain available>.
Begin Analysis Input File Processor
3/4/2026 3:13:49 PM
Run pre.exe
3/4/2026 3:13:53 PM
End Analysis Input File Processor
Begin Abaqus/Standard Analysis
3/4/2026 3:13:53 PM
Run standard.exe
3/4/2026 3:14:13 PM
End Abaqus/Standard Analysis
Begin SIM Wrap-up
3/4/2026 3:14:15 PM
Run SMASimUtility.exe
3/4/2026 3:14:16 PM
End SIM Wrap-up
Abaqus JOB UltimateLoadBuckle COMPLETED
